z:\documents\visual studio 2012\projects\frogger2\frogger2\debug\camera.obj
z:\documents\visual studio 2012\projects\frogger2\frogger2\debug\car.obj
z:\documents\visual studio 2012\projects\frogger2\frogger2\debug\dynamicobject.obj
z:\documents\visual studio 2012\projects\frogger2\frogger2\debug\entity.obj
z:\documents\visual studio 2012\projects\frogger2\frogger2\debug\frog.obj
z:\documents\visual studio 2012\projects\frogger2\frogger2\debug\gamemanager.obj
z:\documents\visual studio 2012\projects\frogger2\frogger2\debug\gameobject.obj
z:\documents\visual studio 2012\projects\frogger2\frogger2\debug\lightsource.obj
z:\documents\visual studio 2012\projects\frogger2\frogger2\debug\main.obj
z:\documents\visual studio 2012\projects\frogger2\frogger2\debug\orthogonalcamera.obj
z:\documents\visual studio 2012\projects\frogger2\frogger2\debug\perspectivecamera.obj
z:\documents\visual studio 2012\projects\frogger2\frogger2\debug\river.obj
z:\documents\visual studio 2012\projects\frogger2\frogger2\debug\riverside.obj
z:\documents\visual studio 2012\projects\frogger2\frogger2\debug\road.obj
z:\documents\visual studio 2012\projects\frogger2\frogger2\debug\roadside.obj
z:\documents\visual studio 2012\projects\frogger2\frogger2\debug\staticobject.obj
z:\documents\visual studio 2012\projects\frogger2\frogger2\debug\timberlog.obj
z:\documents\visual studio 2012\projects\frogger2\frogger2\debug\turtle.obj
z:\documents\visual studio 2012\projects\frogger2\frogger2\debug\vector3.obj
z:\documents\visual studio 2012\projects\frogger2\frogger2\debug\vector4.obj
z:\documents\visual studio 2012\projects\frogger2\frogger2\debug\bus.obj
z:\documents\visual studio 2012\projects\frogger2\frogger2\debug\vc110.pdb
z:\documents\visual studio 2012\projects\frogger2\debug\frogger2.pdb
c:\users\legion\downloads\frogger2510_2\frogger2\frogger2\debug\vc120.pdb
c:\users\legion\downloads\frogger2510_2\frogger2\frogger2\debug\vc120.idb
c:\users\legion\downloads\frogger2510_2\frogger2\frogger2\debug\camera.obj
c:\users\legion\downloads\frogger2510_2\frogger2\frogger2\debug\car.obj
c:\users\legion\downloads\frogger2510_2\frogger2\frogger2\debug\dynamicobject.obj
c:\users\legion\downloads\frogger2510_2\frogger2\frogger2\debug\entity.obj
c:\users\legion\downloads\frogger2510_2\frogger2\frogger2\debug\frog.obj
c:\users\legion\downloads\frogger2510_2\frogger2\frogger2\debug\gamemanager.obj
c:\users\legion\downloads\frogger2510_2\frogger2\frogger2\debug\gameobject.obj
c:\users\legion\downloads\frogger2510_2\frogger2\frogger2\debug\lightsource.obj
c:\users\legion\downloads\frogger2510_2\frogger2\frogger2\debug\main.obj
c:\users\legion\downloads\frogger2510_2\frogger2\frogger2\debug\orthogonalcamera.obj
c:\users\legion\downloads\frogger2510_2\frogger2\frogger2\debug\perspectivecamera.obj
c:\users\legion\downloads\frogger2510_2\frogger2\frogger2\debug\river.obj
c:\users\legion\downloads\frogger2510_2\frogger2\frogger2\debug\riverside.obj
c:\users\legion\downloads\frogger2510_2\frogger2\frogger2\debug\road.obj
c:\users\legion\downloads\frogger2510_2\frogger2\frogger2\debug\roadside.obj
c:\users\legion\downloads\frogger2510_2\frogger2\frogger2\debug\staticobject.obj
c:\users\legion\downloads\frogger2510_2\frogger2\frogger2\debug\timberlog.obj
c:\users\legion\downloads\frogger2510_2\frogger2\frogger2\debug\turtle.obj
c:\users\legion\downloads\frogger2510_2\frogger2\frogger2\debug\vector3.obj
c:\users\legion\downloads\frogger2510_2\frogger2\frogger2\debug\vector4.obj
c:\users\legion\downloads\frogger2510_2\frogger2\frogger2\debug\bus.obj
c:\users\legion\downloads\frogger2510_2\frogger2\debug\frogger2.ilk
c:\users\legion\downloads\frogger2510_2\frogger2\debug\frogger2.exe
c:\users\legion\downloads\frogger2510_2\frogger2\debug\frogger2.pdb
c:\users\legion\downloads\frogger2510_2\frogger2\frogger2\debug\cl.command.1.tlog
c:\users\legion\downloads\frogger2510_2\frogger2\frogger2\debug\cl.read.1.tlog
c:\users\legion\downloads\frogger2510_2\frogger2\frogger2\debug\cl.write.1.tlog
c:\users\legion\downloads\frogger2510_2\frogger2\frogger2\debug\link-cvtres.read.1.tlog
c:\users\legion\downloads\frogger2510_2\frogger2\frogger2\debug\link-cvtres.write.1.tlog
c:\users\legion\downloads\frogger2510_2\frogger2\frogger2\debug\link-rc.read.1.tlog
c:\users\legion\downloads\frogger2510_2\frogger2\frogger2\debug\link-rc.write.1.tlog
c:\users\legion\downloads\frogger2510_2\frogger2\frogger2\debug\link.command.1.tlog
c:\users\legion\downloads\frogger2510_2\frogger2\frogger2\debug\link.read.1.tlog
c:\users\legion\downloads\frogger2510_2\frogger2\frogger2\debug\link.write.1.tlog
c:\users\legion\downloads\frogger2510_2\frogger2\frogger2\debug\vc110.idb
c:\users\legion\downloads\frogger2510_2\frogger2\frogger2\debug\vc110.pdb
c:\users\legion\downloads\frogger2510_2\frogger2\frogger2\debug\frogger2.tlog\cl.command.1.tlog
c:\users\legion\downloads\frogger2510_2\frogger2\frogger2\debug\frogger2.tlog\cl.read.1.tlog
c:\users\legion\downloads\frogger2510_2\frogger2\frogger2\debug\frogger2.tlog\cl.write.1.tlog
c:\users\legion\downloads\frogger2510_2\frogger2\frogger2\debug\frogger2.tlog\link.command.1.tlog
c:\users\legion\downloads\frogger2510_2\frogger2\frogger2\debug\frogger2.tlog\link.read.1.tlog
c:\users\legion\downloads\frogger2510_2\frogger2\frogger2\debug\frogger2.tlog\link.write.1.tlog
