Build started 06/11/2014 19:52:58.
     1>Project "C:\Users\Legion\Downloads\Frogger0611\Frogger2\Frogger2\Frogger2.vcxproj" on node 2 (Build target(s)).
     1>ClCompile:
         C:\Program Files (x86)\Microsoft Visual Studio 12.0\VC\bin\CL.exe /c /IC:\Users\Legion\Downloads\Frogger0611\Frogger2\Glut\include /ZI /nologo /W3 /WX- /sdl /Od /Oy- /D WIN32 /D _DEBUG /D _CONSOLE /D _UNICODE /D UNICODE /Gm /EHsc /RTC1 /MDd /GS /fp:precise /Zc:wchar_t /Zc:forScope /Fo"Debug\\" /Fd"Debug\vc120.pdb" /Gd /TP /analyze- /errorReport:prompt LightSource.cpp
         LightSource.cpp
       Link:
         C:\Program Files (x86)\Microsoft Visual Studio 12.0\VC\bin\link.exe /ERRORREPORT:PROMPT /OUT:"C:\Users\Legion\Downloads\Frogger0611\Frogger2\Debug\Frogger2.exe" /INCREMENTAL /NOLOGO /LIBPATH:C:\Users\Legion\Downloads\Frogger0611\Frogger2\Glut\lib kernel32.lib user32.lib gdi32.lib winspool.lib comdlg32.lib advapi32.lib shell32.lib ole32.lib oleaut32.lib uuid.lib odbc32.lib odbccp32.lib /MANIFEST /MANIFESTUAC:"level='asInvoker' uiAccess='false'" /manifest:embed /DEBUG /PDB:"C:\Users\Legion\Downloads\Frogger0611\Frogger2\Debug\Frogger2.pdb" /SUBSYSTEM:CONSOLE /TLBID:1 /DYNAMICBASE /NXCOMPAT /IMPLIB:"C:\Users\Legion\Downloads\Frogger0611\Frogger2\Debug\Frogger2.lib" /MACHINE:X86 Debug\Bus.obj
         Debug\Camera.obj
         Debug\Car.obj
         Debug\DynamicObject.obj
         Debug\Entity.obj
         Debug\Frog.obj
         Debug\GameManager.obj
         Debug\GameObject.obj
         Debug\LightSource.obj
         Debug\main.obj
         Debug\OrthogonalCamera.obj
         Debug\PerspectiveCamera.obj
         Debug\River.obj
         Debug\Riverside.obj
         Debug\Road.obj
         Debug\Roadside.obj
         Debug\StaticObject.obj
         Debug\TimberLog.obj
         Debug\Turtle.obj
         Debug\Vector3.obj
         Debug\Vector4.obj
         Frogger2.vcxproj -> C:\Users\Legion\Downloads\Frogger0611\Frogger2\Debug\Frogger2.exe
     1>Done Building Project "C:\Users\Legion\Downloads\Frogger0611\Frogger2\Frogger2\Frogger2.vcxproj" (Build target(s)).

Build succeeded.

Time Elapsed 00:00:00.40
